START LOGGING
Wed Jun 22 21:18:06 2016 50.1615083333 -5.05494
Wed Jun 22 21:18:07 2016 50.1615083333 -5.0549366667
Wed Jun 22 21:18:08 2016 50.1615016667 -5.0549433333
Wed Jun 22 21:18:09 2016 50.1615016667 -5.05495
Wed Jun 22 21:18:10 2016 50.1614983333 -5.0549566667
Wed Jun 22 21:18:11 2016 50.1614833333 -5.0549833333
Wed Jun 22 21:18:12 2016 50.1614716667 -5.0549983333
Wed Jun 22 21:18:13 2016 50.1614616667 -5.0550083333
Wed Jun 22 21:18:14 2016 50.161455 -5.0550133333
Wed Jun 22 21:18:15 2016 50.161455 -5.0550133333
Wed Jun 22 21:18:16 2016 50.161455 -5.0550133333
Wed Jun 22 21:18:17 2016 50.161455 -5.0550133333
Wed Jun 22 21:18:18 2016 50.1614516667 -5.05502
Wed Jun 22 21:18:19 2016 50.1614516667 -5.0550216667
Wed Jun 22 21:18:20 2016 50.1614516667 -5.0550266667
Wed Jun 22 21:18:21 2016 50.1614533333 -5.055035
Wed Jun 22 21:18:22 2016 50.1614533333 -5.055035
Wed Jun 22 21:18:23 2016 50.1614516667 -5.055035
Wed Jun 22 21:18:24 2016 50.16145 -5.0550516667
Wed Jun 22 21:18:25 2016 50.16145 -5.0550533333
Wed Jun 22 21:18:26 2016 50.16145 -5.0550533333
Wed Jun 22 21:18:27 2016 50.16145 -5.0550533333
Wed Jun 22 21:18:28 2016 50.16145 -5.0550533333
Wed Jun 22 21:18:29 2016 50.16145 -5.0550533333
Wed Jun 22 21:18:30 2016 50.16145 -5.0550533333
Wed Jun 22 21:18:31 2016 50.16145 -5.0550533333
Wed Jun 22 21:18:32 2016 50.16145 -5.0550533333
Wed Jun 22 21:18:33 2016 50.16145 -5.0550533333
Wed Jun 22 21:18:34 2016 50.16145 -5.055055
Wed Jun 22 21:18:35 2016 50.16145 -5.055055
Wed Jun 22 21:18:36 2016 50.16145 -5.055055
Wed Jun 22 21:18:37 2016 50.16145 -5.055055
Wed Jun 22 21:18:38 2016 50.16145 -5.0550566667
Wed Jun 22 21:18:39 2016 50.1614516667 -5.0550583333
Wed Jun 22 21:18:40 2016 50.1614516667 -5.0550583333
Wed Jun 22 21:18:41 2016 50.1614516667 -5.0550583333
Wed Jun 22 21:18:42 2016 50.1614516667 -5.05506
Wed Jun 22 21:18:43 2016 50.1614516667 -5.05506
Wed Jun 22 21:18:44 2016 50.1614516667 -5.05506
Wed Jun 22 21:18:45 2016 50.1614516667 -5.05506
Wed Jun 22 21:18:46 2016 50.1614516667 -5.05506
Wed Jun 22 21:18:47 2016 50.1614516667 -5.05506
Wed Jun 22 21:18:48 2016 50.1614516667 -5.05506
Wed Jun 22 21:18:49 2016 50.1614533333 -5.0550766667
Wed Jun 22 21:18:50 2016 50.1614533333 -5.0550766667
Wed Jun 22 21:18:51 2016 50.1614533333 -5.0550783333
Wed Jun 22 21:18:52 2016 50.1614533333 -5.0550783333
Wed Jun 22 21:18:53 2016 50.1614533333 -5.0550783333
Wed Jun 22 21:18:54 2016 50.1614516667 -5.0550783333
Wed Jun 22 21:18:55 2016 50.1614516667 -5.0550783333
Wed Jun 22 21:18:56 2016 50.1614516667 -5.05508
Wed Jun 22 21:18:57 2016 50.1614516667 -5.05508
Wed Jun 22 21:18:58 2016 50.1614516667 -5.05508
Wed Jun 22 21:18:59 2016 50.1614516667 -5.05508
Wed Jun 22 21:19:00 2016 50.1614516667 -5.05508
Wed Jun 22 21:19:01 2016 50.1614516667 -5.05508
Wed Jun 22 21:19:02 2016 50.1614516667 -5.0550933333
Wed Jun 22 21:19:04 2016 50.1614516667 -5.0550933333
Wed Jun 22 21:19:05 2016 50.1614516667 -5.0550933333
Wed Jun 22 21:19:06 2016 50.1614516667 -5.0550933333
Wed Jun 22 21:19:07 2016 50.1614516667 -5.055095
Wed Jun 22 21:19:08 2016 50.161445 -5.0551083333
Wed Jun 22 21:19:09 2016 50.1614433333 -5.0551133333
Wed Jun 22 21:19:10 2016 50.1614433333 -5.055115
Wed Jun 22 21:19:11 2016 50.1614433333 -5.055115
Wed Jun 22 21:19:12 2016 50.1614433333 -5.055115
Wed Jun 22 21:19:13 2016 50.1614433333 -5.055115
Wed Jun 22 21:19:14 2016 50.1614433333 -5.0551166667
Wed Jun 22 21:19:15 2016 50.1614416667 -5.0551166667
Wed Jun 22 21:19:16 2016 50.1614416667 -5.0551166667
Wed Jun 22 21:19:17 2016 50.1614416667 -5.0551166667
Wed Jun 22 21:19:18 2016 50.1614416667 -5.0551166667
Wed Jun 22 21:19:19 2016 50.1614416667 -5.0551166667
Wed Jun 22 21:19:20 2016 50.1614416667 -5.0551183333
Wed Jun 22 21:19:21 2016 50.1614416667 -5.0551183333
Wed Jun 22 21:19:22 2016 50.1614416667 -5.0551183333
Wed Jun 22 21:19:23 2016 50.1614416667 -5.0551183333
Wed Jun 22 21:19:24 2016 50.1614416667 -5.0551183333
Wed Jun 22 21:19:25 2016 50.1614416667 -5.05512
Wed Jun 22 21:19:26 2016 50.1614416667 -5.05512
Wed Jun 22 21:19:27 2016 50.1614416667 -5.05512
Wed Jun 22 21:19:28 2016 50.1614416667 -5.055135
Wed Jun 22 21:19:29 2016 50.1614383333 -5.0551466667
Wed Jun 22 21:19:30 2016 50.1614333333 -5.0551616667
Wed Jun 22 21:19:31 2016 50.1614283333 -5.0551716667
Wed Jun 22 21:19:32 2016 50.1614283333 -5.0551733333
Wed Jun 22 21:19:33 2016 50.1614283333 -5.0551733333
Wed Jun 22 21:19:34 2016 50.1614283333 -5.0551733333
Wed Jun 22 21:19:35 2016 50.1614266667 -5.055175
Wed Jun 22 21:19:36 2016 50.1614233333 -5.055175
Wed Jun 22 21:19:37 2016 50.1614216667 -5.0551716667
Wed Jun 22 21:19:38 2016 50.16142 -5.0551666667
Wed Jun 22 21:19:39 2016 50.1614183333 -5.0551633333
Wed Jun 22 21:19:40 2016 50.1614166667 -5.0551616667
Wed Jun 22 21:19:41 2016 50.1614166667 -5.0551566667
Wed Jun 22 21:19:42 2016 50.161415 -5.0551533333
Wed Jun 22 21:19:43 2016 50.161415 -5.05515
Wed Jun 22 21:19:44 2016 50.1614133333 -5.0551466667
Wed Jun 22 21:19:45 2016 50.1614116667 -5.0551433333
Wed Jun 22 21:19:46 2016 50.16141 -5.05514
Wed Jun 22 21:19:47 2016 50.1614083333 -5.0551366667
Wed Jun 22 21:19:48 2016 50.161405 -5.0551316667
Wed Jun 22 21:19:49 2016 50.1614033333 -5.0551283333
Wed Jun 22 21:19:50 2016 50.1614016667 -5.0551266667
Wed Jun 22 21:19:51 2016 50.1614 -5.055125
Wed Jun 22 21:19:52 2016 50.1613983333 -5.0551216667
Wed Jun 22 21:19:53 2016 50.1613966667 -5.05512
Wed Jun 22 21:19:54 2016 50.161395 -5.0551166667
Wed Jun 22 21:19:55 2016 50.1613933333 -5.055115
Wed Jun 22 21:19:56 2016 50.1613916667 -5.0551166667
Wed Jun 22 21:19:57 2016 50.16139 -5.05512
Wed Jun 22 21:19:58 2016 50.1613866667 -5.0551216667
Wed Jun 22 21:19:59 2016 50.1613866667 -5.0551233333
Wed Jun 22 21:20:00 2016 50.1613866667 -5.0551233333
Wed Jun 22 21:20:01 2016 50.1613866667 -5.0551233333
Wed Jun 22 21:20:02 2016 50.1613866667 -5.0551233333
Wed Jun 22 21:20:03 2016 50.1613866667 -5.0551233333
Wed Jun 22 21:20:04 2016 50.1613866667 -5.055125
Wed Jun 22 21:20:05 2016 50.1613866667 -5.055125
Wed Jun 22 21:20:06 2016 50.1613866667 -5.055125
Wed Jun 22 21:20:07 2016 50.1613866667 -5.055125
Wed Jun 22 21:20:11 2016 50.161385 -5.0551233333
Wed Jun 22 21:20:12 2016 50.1613833333 -5.0551216667
Wed Jun 22 21:20:13 2016 50.1613833333 -5.0551216667
Wed Jun 22 21:20:14 2016 50.161385 -5.0551216667
Wed Jun 22 21:20:15 2016 50.161385 -5.0551233333
Wed Jun 22 21:20:16 2016 50.161385 -5.0551233333
Wed Jun 22 21:20:17 2016 50.1613833333 -5.0551216667
Wed Jun 22 21:20:18 2016 50.1613833333 -5.05512
Wed Jun 22 21:20:19 2016 50.1613816667 -5.0551183333
Wed Jun 22 21:20:20 2016 50.1613816667 -5.0551183333
Wed Jun 22 21:20:21 2016 50.1613816667 -5.0551183333
Wed Jun 22 21:20:22 2016 50.1613816667 -5.0551183333
Wed Jun 22 21:20:23 2016 50.1613816667 -5.0551183333
Wed Jun 22 21:20:24 2016 50.1613816667 -5.0551166667
Wed Jun 22 21:20:25 2016 50.1613783333 -5.055115
Wed Jun 22 21:20:26 2016 50.1613733333 -5.0551116667
Wed Jun 22 21:20:27 2016 50.16137 -5.05511
Wed Jun 22 21:20:28 2016 50.1613683333 -5.0551066667
Wed Jun 22 21:20:29 2016 50.1613666667 -5.0551
Wed Jun 22 21:20:30 2016 50.161365 -5.055095
Wed Jun 22 21:20:31 2016 50.1613616667 -5.0550883333
Wed Jun 22 21:20:32 2016 50.1613566667 -5.0550833333
Wed Jun 22 21:20:33 2016 50.1613533333 -5.055075
Wed Jun 22 21:20:34 2016 50.1613516667 -5.0550666667
Wed Jun 22 21:20:35 2016 50.1613483333 -5.0550583333
Wed Jun 22 21:20:36 2016 50.1613433333 -5.05505
Wed Jun 22 21:20:37 2016 50.16134 -5.05504
Wed Jun 22 21:20:38 2016 50.1613383333 -5.05503
Wed Jun 22 21:20:39 2016 50.1613366667 -5.0550216667
Wed Jun 22 21:20:40 2016 50.1613316667 -5.0550133333
Wed Jun 22 21:20:41 2016 50.1613266667 -5.055005
Wed Jun 22 21:20:42 2016 50.1613216667 -5.054995
Wed Jun 22 21:20:43 2016 50.1613166667 -5.054985
Wed Jun 22 21:20:44 2016 50.1613133333 -5.054975
Wed Jun 22 21:20:45 2016 50.1613083333 -5.0549666667
Wed Jun 22 21:20:46 2016 50.1613033333 -5.0549583333
Wed Jun 22 21:20:47 2016 50.1612983333 -5.05495
Wed Jun 22 21:20:48 2016 50.1612933333 -5.0549416667
Wed Jun 22 21:20:49 2016 50.16129 -5.0549366667
Wed Jun 22 21:20:50 2016 50.1612866667 -5.05493
Wed Jun 22 21:20:51 2016 50.1612833333 -5.0549216667
Wed Jun 22 21:20:52 2016 50.16128 -5.0549133333
Wed Jun 22 21:20:53 2016 50.1612766667 -5.0549033333
Wed Jun 22 21:20:54 2016 50.1612716667 -5.0548966667
Wed Jun 22 21:20:55 2016 50.1612666667 -5.0548883333
Wed Jun 22 21:20:56 2016 50.1612633333 -5.0548783333
Wed Jun 22 21:20:57 2016 50.1612583333 -5.05487
Wed Jun 22 21:20:58 2016 50.1612533333 -5.0548616667
Wed Jun 22 21:20:59 2016 50.1612483333 -5.0548516667
Wed Jun 22 21:21:00 2016 50.161245 -5.0548416667
Wed Jun 22 21:21:01 2016 50.16124 -5.0548333333
Wed Jun 22 21:21:02 2016 50.1612333333 -5.0548233333
Wed Jun 22 21:21:03 2016 50.16123 -5.0548133333
Wed Jun 22 21:21:04 2016 50.161225 -5.0548033333
Wed Jun 22 21:21:05 2016 50.1612183333 -5.0547933333
Wed Jun 22 21:21:06 2016 50.1612133333 -5.0547866667
Wed Jun 22 21:21:07 2016 50.1612083333 -5.05478
Wed Jun 22 21:21:08 2016 50.1612033333 -5.0547733333
Wed Jun 22 21:21:09 2016 50.1612 -5.0547666667
Wed Jun 22 21:21:10 2016 50.161195 -5.0547616667
Wed Jun 22 21:21:11 2016 50.1611933333 -5.0547566667
Wed Jun 22 21:21:12 2016 50.16119 -5.0547516667
Wed Jun 22 21:21:13 2016 50.1611866667 -5.0547483333
Wed Jun 22 21:21:14 2016 50.161185 -5.054745
Wed Jun 22 21:21:15 2016 50.1611833333 -5.0547416667
Wed Jun 22 21:21:16 2016 50.1611816667 -5.0547383333
Wed Jun 22 21:21:17 2016 50.16118 -5.054735
Wed Jun 22 21:21:18 2016 50.1611783333 -5.0547316667
Wed Jun 22 21:21:19 2016 50.1611766667 -5.0547283333
Wed Jun 22 21:21:20 2016 50.1611766667 -5.054725
Wed Jun 22 21:21:21 2016 50.161175 -5.0547233333
Wed Jun 22 21:21:22 2016 50.1611716667 -5.0547183333
Wed Jun 22 21:21:23 2016 50.1611683333 -5.0547133333
Wed Jun 22 21:21:24 2016 50.1611666667 -5.0547066667
Wed Jun 22 21:21:25 2016 50.161165 -5.0547
Wed Jun 22 21:21:26 2016 50.1611616667 -5.0546933333
Wed Jun 22 21:21:27 2016 50.1611566667 -5.0546866667
Wed Jun 22 21:21:28 2016 50.1611533333 -5.05468
Wed Jun 22 21:21:29 2016 50.16115 -5.05467
Wed Jun 22 21:21:30 2016 50.1611466667 -5.05466
Wed Jun 22 21:21:31 2016 50.1611416667 -5.05465
Wed Jun 22 21:21:32 2016 50.1611383333 -5.0546416667
Wed Jun 22 21:21:33 2016 50.1611333333 -5.054635
Wed Jun 22 21:21:34 2016 50.16113 -5.054625
Wed Jun 22 21:21:35 2016 50.1611266667 -5.0546133333
Wed Jun 22 21:21:36 2016 50.1611216667 -5.0546033333
Wed Jun 22 21:21:37 2016 50.1611166667 -5.0545933333
Wed Jun 22 21:21:38 2016 50.1611116667 -5.0545833333
Wed Jun 22 21:21:39 2016 50.1611066667 -5.0545716667
Wed Jun 22 21:21:40 2016 50.1611016667 -5.05456
Wed Jun 22 21:21:41 2016 50.1610966667 -5.0545483333
Wed Jun 22 21:21:42 2016 50.1610916667 -5.0545366667
Wed Jun 22 21:21:43 2016 50.1610866667 -5.0545266667
Wed Jun 22 21:21:44 2016 50.1610816667 -5.0545166667
Wed Jun 22 21:21:45 2016 50.1610783333 -5.054505
Wed Jun 22 21:21:46 2016 50.1610733333 -5.0544933333
Wed Jun 22 21:21:47 2016 50.1610666667 -5.0544816667
Wed Jun 22 21:21:48 2016 50.1610616667 -5.05447
Wed Jun 22 21:21:49 2016 50.1610583333 -5.0544583333
Wed Jun 22 21:21:50 2016 50.1610533333 -5.05445
Wed Jun 22 21:21:51 2016 50.1610483333 -5.05444
Wed Jun 22 21:21:52 2016 50.1610433333 -5.05443
Wed Jun 22 21:21:53 2016 50.1610366667 -5.0544183333
Wed Jun 22 21:21:54 2016 50.16103 -5.0544066667
Wed Jun 22 21:21:55 2016 50.1610233333 -5.054395
Wed Jun 22 21:21:56 2016 50.1610166667 -5.0543833333
Wed Jun 22 21:21:57 2016 50.1610116667 -5.0543716667
Wed Jun 22 21:21:58 2016 50.161005 -5.05436
Wed Jun 22 21:21:59 2016 50.1609983333 -5.0543483333
Wed Jun 22 21:22:00 2016 50.1609933333 -5.0543383333
Wed Jun 22 21:22:01 2016 50.1609883333 -5.0543283333
Wed Jun 22 21:22:02 2016 50.160985 -5.05432
Wed Jun 22 21:22:03 2016 50.1609816667 -5.05431
Wed Jun 22 21:22:04 2016 50.1609783333 -5.0543016667
Wed Jun 22 21:22:05 2016 50.160975 -5.054295
Wed Jun 22 21:22:06 2016 50.1609733333 -5.0542866667
Wed Jun 22 21:22:07 2016 50.16097 -5.05428
Wed Jun 22 21:22:08 2016 50.1609666667 -5.0542716667
Wed Jun 22 21:22:09 2016 50.1609616667 -5.054265
Wed Jun 22 21:22:10 2016 50.16096 -5.0542566667
Wed Jun 22 21:22:11 2016 50.1609566667 -5.05425
Wed Jun 22 21:22:12 2016 50.1609533333 -5.0542433333
Wed Jun 22 21:22:13 2016 50.16095 -5.0542366667
Wed Jun 22 21:22:14 2016 50.1609483333 -5.05423
Wed Jun 22 21:22:15 2016 50.1609466667 -5.054225
Wed Jun 22 21:22:16 2016 50.1609433333 -5.05422
Wed Jun 22 21:22:17 2016 50.1609383333 -5.054215
Wed Jun 22 21:22:18 2016 50.1609316667 -5.05421
Wed Jun 22 21:22:19 2016 50.1609266667 -5.0542016667
Wed Jun 22 21:22:20 2016 50.1609216667 -5.0541933333
Wed Jun 22 21:22:21 2016 50.1609166667 -5.054185
Wed Jun 22 21:22:22 2016 50.16091 -5.0541733333
Wed Jun 22 21:22:23 2016 50.160905 -5.0541616667
Wed Jun 22 21:22:24 2016 50.1608983333 -5.0541516667
Wed Jun 22 21:22:25 2016 50.1608916667 -5.0541416667
Wed Jun 22 21:22:26 2016 50.1608883333 -5.0541283333
Wed Jun 22 21:22:27 2016 50.1608816667 -5.0541166667
Wed Jun 22 21:22:28 2016 50.1608766667 -5.054105
Wed Jun 22 21:22:29 2016 50.1608716667 -5.0540916667
Wed Jun 22 21:22:30 2016 50.1608666667 -5.0540783333
Wed Jun 22 21:22:31 2016 50.1608616667 -5.0540666667
Wed Jun 22 21:22:32 2016 50.1608566667 -5.0540533333
Wed Jun 22 21:22:33 2016 50.1608533333 -5.0540383333
Wed Jun 22 21:22:34 2016 50.1608483333 -5.054025
Wed Jun 22 21:22:35 2016 50.1608433333 -5.0540116667
Wed Jun 22 21:22:36 2016 50.16084 -5.0539983333
Wed Jun 22 21:22:37 2016 50.160835 -5.0539833333
Wed Jun 22 21:22:38 2016 50.1608316667 -5.05397
Wed Jun 22 21:22:39 2016 50.1608283333 -5.0539566667
Wed Jun 22 21:22:40 2016 50.1608266667 -5.053945
Wed Jun 22 21:22:41 2016 50.1608233333 -5.0539333333
Wed Jun 22 21:22:42 2016 50.1608216667 -5.0539233333
Wed Jun 22 21:22:43 2016 50.1608216667 -5.0539133333
Wed Jun 22 21:22:44 2016 50.16082 -5.053905
Wed Jun 22 21:22:45 2016 50.16082 -5.0538983333
Wed Jun 22 21:22:46 2016 50.16082 -5.0538916667
Wed Jun 22 21:22:47 2016 50.16082 -5.053885
Wed Jun 22 21:22:48 2016 50.16082 -5.05388
Wed Jun 22 21:22:49 2016 50.1608183333 -5.053875
Wed Jun 22 21:22:50 2016 50.1608183333 -5.0538683333
Wed Jun 22 21:22:51 2016 50.1608183333 -5.053865
Wed Jun 22 21:22:52 2016 50.1608166667 -5.05386
Wed Jun 22 21:22:53 2016 50.1608166667 -5.0538566667
Wed Jun 22 21:22:54 2016 50.160815 -5.0538533333
Wed Jun 22 21:22:55 2016 50.160815 -5.05385
Wed Jun 22 21:22:56 2016 50.1608133333 -5.0538466667
Wed Jun 22 21:22:57 2016 50.1608133333 -5.053845
Wed Jun 22 21:22:58 2016 50.1608133333 -5.0538416667
Wed Jun 22 21:22:59 2016 50.1608116667 -5.05384
Wed Jun 22 21:23:00 2016 50.1608116667 -5.0538366667
Wed Jun 22 21:23:01 2016 50.16081 -5.053835
Wed Jun 22 21:23:02 2016 50.16081 -5.0538333333
Wed Jun 22 21:23:03 2016 50.1608083333 -5.05383
Wed Jun 22 21:23:04 2016 50.1608066667 -5.0538283333
Wed Jun 22 21:23:05 2016 50.1608066667 -5.053825
Wed Jun 22 21:23:06 2016 50.160805 -5.0538233333
Wed Jun 22 21:23:07 2016 50.1608033333 -5.05382
Wed Jun 22 21:23:08 2016 50.1608016667 -5.0538183333
Wed Jun 22 21:23:09 2016 50.1608033333 -5.0538166667
Wed Jun 22 21:23:10 2016 50.160805 -5.0538133333
Wed Jun 22 21:23:11 2016 50.160805 -5.0538066667
Wed Jun 22 21:23:12 2016 50.1608083333 -5.0538
Wed Jun 22 21:23:13 2016 50.1608133333 -5.0537933333
Wed Jun 22 21:23:14 2016 50.1608183333 -5.0537883333
Wed Jun 22 21:23:15 2016 50.160825 -5.0537866667
Wed Jun 22 21:23:16 2016 50.16083 -5.0537833333
Wed Jun 22 21:23:17 2016 50.1608366667 -5.05378
Wed Jun 22 21:23:18 2016 50.1608433333 -5.0537783333
Wed Jun 22 21:23:19 2016 50.1608516667 -5.053775
Wed Jun 22 21:23:21 2016 50.16086 -5.053775
Wed Jun 22 21:23:22 2016 50.1608683333 -5.0537766667
Wed Jun 22 21:23:23 2016 50.1608766667 -5.0537783333
Wed Jun 22 21:23:24 2016 50.1608833333 -5.0537816667
Wed Jun 22 21:23:25 2016 50.16089 -5.0537866667
Wed Jun 22 21:23:26 2016 50.1608983333 -5.05379
Wed Jun 22 21:23:27 2016 50.160905 -5.0537966667
Wed Jun 22 21:23:28 2016 50.1609116667 -5.0538033333
Wed Jun 22 21:23:29 2016 50.1609183333 -5.0538116667
Wed Jun 22 21:23:30 2016 50.1609233333 -5.0538216667
Wed Jun 22 21:23:31 2016 50.16093 -5.0538316667
Wed Jun 22 21:23:32 2016 50.160935 -5.0538433333
Wed Jun 22 21:23:33 2016 50.1609383333 -5.053855
Wed Jun 22 21:23:34 2016 50.1609433333 -5.053865
Wed Jun 22 21:23:35 2016 50.1609483333 -5.05388
Wed Jun 22 21:23:36 2016 50.1609516667 -5.0538933333
Wed Jun 22 21:23:37 2016 50.1609533333 -5.053905
Wed Jun 22 21:23:38 2016 50.1609566667 -5.0539183333
Wed Jun 22 21:23:39 2016 50.1609583333 -5.0539316667
Wed Jun 22 21:23:40 2016 50.16096 -5.053945
Wed Jun 22 21:23:41 2016 50.1609633333 -5.0539616667
Wed Jun 22 21:23:42 2016 50.160965 -5.0539766667
Wed Jun 22 21:23:43 2016 50.160965 -5.0539933333
Wed Jun 22 21:23:44 2016 50.1609683333 -5.05401
Wed Jun 22 21:23:45 2016 50.1609716667 -5.0540266667
Wed Jun 22 21:23:46 2016 50.1609716667 -5.05404
Wed Jun 22 21:23:47 2016 50.1609733333 -5.054055
Wed Jun 22 21:23:48 2016 50.1609766667 -5.05407
Wed Jun 22 21:23:49 2016 50.16098 -5.0540833333
Wed Jun 22 21:23:50 2016 50.1609816667 -5.0540966667
Wed Jun 22 21:23:51 2016 50.1609866667 -5.0541116667
Wed Jun 22 21:23:52 2016 50.1609883333 -5.054125
Wed Jun 22 21:23:53 2016 50.16099 -5.05414
Wed Jun 22 21:23:54 2016 50.1609933333 -5.0541533333
Wed Jun 22 21:23:55 2016 50.160995 -5.0541683333
Wed Jun 22 21:23:56 2016 50.1609966667 -5.0541833333
Wed Jun 22 21:23:57 2016 50.161 -5.0541983333
Wed Jun 22 21:23:58 2016 50.1610033333 -5.0542133333
Wed Jun 22 21:23:59 2016 50.161005 -5.05423
Wed Jun 22 21:24:00 2016 50.1610083333 -5.054245
Wed Jun 22 21:24:01 2016 50.1610116667 -5.0542583333
Wed Jun 22 21:24:02 2016 50.161015 -5.0542716667
Wed Jun 22 21:24:03 2016 50.1610183333 -5.054285
Wed Jun 22 21:24:04 2016 50.1610216667 -5.0542983333
Wed Jun 22 21:24:05 2016 50.1610266667 -5.0543116667
Wed Jun 22 21:24:06 2016 50.16103 -5.054325
Wed Jun 22 21:24:07 2016 50.161035 -5.0543383333
Wed Jun 22 21:24:08 2016 50.1610383333 -5.0543516667
Wed Jun 22 21:24:09 2016 50.16104 -5.054365
Wed Jun 22 21:24:10 2016 50.1610433333 -5.0543783333
Wed Jun 22 21:24:11 2016 50.1610483333 -5.0543916667
Wed Jun 22 21:24:12 2016 50.16105 -5.0544066667
Wed Jun 22 21:24:13 2016 50.1610533333 -5.0544216667
Wed Jun 22 21:24:14 2016 50.1610566667 -5.054435
Wed Jun 22 21:24:15 2016 50.1610583333 -5.05445
Wed Jun 22 21:24:16 2016 50.1610616667 -5.054465
Wed Jun 22 21:24:17 2016 50.161065 -5.05448
Wed Jun 22 21:24:18 2016 50.1610683333 -5.054495
Wed Jun 22 21:24:19 2016 50.1610683333 -5.0545116667
Wed Jun 22 21:24:20 2016 50.1610716667 -5.0545266667
Wed Jun 22 21:24:21 2016 50.161075 -5.0545433333
Wed Jun 22 21:24:22 2016 50.1610783333 -5.0545566667
Wed Jun 22 21:24:23 2016 50.16108 -5.0545733333
Wed Jun 22 21:24:24 2016 50.1610833333 -5.0545883333
Wed Jun 22 21:24:28 2016 50.1611016667 -5.0546583333
Wed Jun 22 21:24:29 2016 50.1611066667 -5.05467
Wed Jun 22 21:24:30 2016 50.16111 -5.05468
Wed Jun 22 21:24:31 2016 50.1611133333 -5.0546883333
Wed Jun 22 21:24:32 2016 50.1611166667 -5.054695
Wed Jun 22 21:24:33 2016 50.16112 -5.0547033333
Wed Jun 22 21:24:34 2016 50.1611216667 -5.0547133333
Wed Jun 22 21:24:35 2016 50.161125 -5.0547233333
Wed Jun 22 21:24:36 2016 50.1611283333 -5.0547316667
Wed Jun 22 21:24:37 2016 50.1611316667 -5.0547416667
Wed Jun 22 21:24:38 2016 50.161135 -5.0547533333
Wed Jun 22 21:24:39 2016 50.1611383333 -5.054765
Wed Jun 22 21:24:40 2016 50.1611433333 -5.0547766667
Wed Jun 22 21:24:41 2016 50.161145 -5.05479
Wed Jun 22 21:24:42 2016 50.16115 -5.0548033333
Wed Jun 22 21:24:43 2016 50.1611516667 -5.0548166667
Wed Jun 22 21:24:44 2016 50.1611533333 -5.05483
Wed Jun 22 21:24:45 2016 50.161155 -5.054845
Wed Jun 22 21:24:46 2016 50.1611583333 -5.05486
Wed Jun 22 21:24:47 2016 50.1611616667 -5.0548716667
Wed Jun 22 21:24:48 2016 50.161165 -5.0548833333
Wed Jun 22 21:24:49 2016 50.16117 -5.0548916667
Wed Jun 22 21:24:50 2016 50.1611733333 -5.0549
Wed Jun 22 21:24:51 2016 50.1611783333 -5.0549033333
Wed Jun 22 21:24:52 2016 50.1611833333 -5.0549066667
Wed Jun 22 21:24:53 2016 50.1611883333 -5.0549133333
Wed Jun 22 21:24:54 2016 50.1611933333 -5.05492
Wed Jun 22 21:24:55 2016 50.1612 -5.0549233333
Wed Jun 22 21:24:56 2016 50.1612066667 -5.0549316667
Wed Jun 22 21:24:57 2016 50.1612133333 -5.05494
Wed Jun 22 21:24:58 2016 50.16122 -5.054945
Wed Jun 22 21:24:59 2016 50.1612283333 -5.0549483333
Wed Jun 22 21:25:00 2016 50.161235 -5.0549516667
Wed Jun 22 21:25:01 2016 50.16124 -5.0549533333
Wed Jun 22 21:25:02 2016 50.161245 -5.0549583333
Wed Jun 22 21:25:03 2016 50.16125 -5.054965
Wed Jun 22 21:25:04 2016 50.161255 -5.0549683333
Wed Jun 22 21:25:05 2016 50.1612616667 -5.0549716667
Wed Jun 22 21:25:06 2016 50.1612666667 -5.0549783333
Wed Jun 22 21:25:07 2016 50.1612733333 -5.054985
Wed Jun 22 21:25:08 2016 50.1612816667 -5.05499
Wed Jun 22 21:25:09 2016 50.1612866667 -5.0549966667
Wed Jun 22 21:25:10 2016 50.1612933333 -5.0550033333
Wed Jun 22 21:25:11 2016 50.1613 -5.0550083333
Wed Jun 22 21:25:12 2016 50.1613066667 -5.0550133333
Wed Jun 22 21:25:13 2016 50.1613116667 -5.05502
Wed Jun 22 21:25:14 2016 50.1613183333 -5.0550283333
Wed Jun 22 21:25:15 2016 50.161325 -5.055035
Wed Jun 22 21:25:16 2016 50.1613316667 -5.055045
Wed Jun 22 21:25:17 2016 50.1613383333 -5.0550533333
Wed Jun 22 21:25:18 2016 50.161345 -5.0550583333
Wed Jun 22 21:25:19 2016 50.16135 -5.0550633333
Wed Jun 22 21:25:20 2016 50.161355 -5.0550683333
Wed Jun 22 21:25:21 2016 50.16136 -5.0550716667
Wed Jun 22 21:25:22 2016 50.161365 -5.0550766667
Wed Jun 22 21:25:23 2016 50.16137 -5.0550783333
Wed Jun 22 21:25:24 2016 50.1613733333 -5.0550816667
Wed Jun 22 21:25:25 2016 50.1613766667 -5.0550883333
Wed Jun 22 21:25:26 2016 50.16138 -5.0550933333
Wed Jun 22 21:25:27 2016 50.1613816667 -5.0550983333
Wed Jun 22 21:25:28 2016 50.1613833333 -5.0551033333
Wed Jun 22 21:25:29 2016 50.1613866667 -5.0551066667
Wed Jun 22 21:25:30 2016 50.16139 -5.0551116667
Wed Jun 22 21:25:31 2016 50.1613933333 -5.055115
Wed Jun 22 21:25:32 2016 50.1613966667 -5.0551183333
Wed Jun 22 21:25:33 2016 50.1614 -5.05512
Wed Jun 22 21:25:34 2016 50.1614033333 -5.0551233333
Wed Jun 22 21:25:35 2016 50.161405 -5.0551266667
Wed Jun 22 21:25:36 2016 50.1614083333 -5.05513
Wed Jun 22 21:25:37 2016 50.1614133333 -5.0551333333
Wed Jun 22 21:25:38 2016 50.1614166667 -5.0551383333
Wed Jun 22 21:25:39 2016 50.1614216667 -5.055145
Wed Jun 22 21:25:40 2016 50.161425 -5.0551483333
Wed Jun 22 21:25:41 2016 50.1614283333 -5.0551533333
Wed Jun 22 21:25:42 2016 50.1614316667 -5.0551583333
Wed Jun 22 21:25:43 2016 50.161435 -5.0551633333
Wed Jun 22 21:25:44 2016 50.1614383333 -5.05517
Wed Jun 22 21:25:45 2016 50.1614416667 -5.0551766667
Wed Jun 22 21:25:46 2016 50.161445 -5.0551833333
Wed Jun 22 21:25:47 2016 50.1614483333 -5.05519
Wed Jun 22 21:25:48 2016 50.16145 -5.0551966667
Wed Jun 22 21:25:49 2016 50.1614516667 -5.0551983333
Wed Jun 22 21:25:50 2016 50.16145 -5.055195
Wed Jun 22 21:25:51 2016 50.16145 -5.055195
Wed Jun 22 21:25:52 2016 50.16145 -5.055195
Wed Jun 22 21:25:53 2016 50.16145 -5.055195
Wed Jun 22 21:25:54 2016 50.16145 -5.055195
Wed Jun 22 21:25:55 2016 50.16145 -5.055195
Wed Jun 22 21:25:56 2016 50.16145 -5.055195
Wed Jun 22 21:25:57 2016 50.16145 -5.055195
Wed Jun 22 21:25:58 2016 50.16145 -5.055195
Wed Jun 22 21:25:59 2016 50.16145 -5.055195
Wed Jun 22 21:26:00 2016 50.16145 -5.055195
Wed Jun 22 21:26:01 2016 50.16145 -5.055195
Wed Jun 22 21:26:02 2016 50.16145 -5.055195
Wed Jun 22 21:26:03 2016 50.16145 -5.0551966667
Wed Jun 22 21:26:04 2016 50.16145 -5.0551966667
Wed Jun 22 21:26:05 2016 50.16145 -5.0551966667
Wed Jun 22 21:26:06 2016 50.1614516667 -5.0552
Wed Jun 22 21:26:07 2016 50.1614516667 -5.0552033333
Wed Jun 22 21:26:08 2016 50.1614533333 -5.0552083333
Wed Jun 22 21:26:09 2016 50.1614533333 -5.0552083333
Wed Jun 22 21:26:10 2016 50.161455 -5.0552083333
Wed Jun 22 21:26:11 2016 50.161455 -5.0552083333
Wed Jun 22 21:26:12 2016 50.161455 -5.0552083333
Wed Jun 22 21:26:13 2016 50.161455 -5.0552083333
Wed Jun 22 21:26:14 2016 50.161455 -5.0552083333
Wed Jun 22 21:26:15 2016 50.161455 -5.0552083333
Wed Jun 22 21:26:16 2016 50.161455 -5.0552116667
Wed Jun 22 21:26:17 2016 50.1614583333 -5.0552166667
Wed Jun 22 21:26:18 2016 50.1614583333 -5.0552166667
Wed Jun 22 21:26:19 2016 50.1614583333 -5.05522
Wed Jun 22 21:26:20 2016 50.1614583333 -5.05522
Wed Jun 22 21:26:21 2016 50.1614583333 -5.0552183333
Wed Jun 22 21:26:22 2016 50.1614583333 -5.0552183333
Wed Jun 22 21:26:23 2016 50.1614583333 -5.0552183333
Wed Jun 22 21:26:24 2016 50.1614583333 -5.0552183333
Wed Jun 22 21:26:25 2016 50.16146 -5.05522
Wed Jun 22 21:26:26 2016 50.16146 -5.0552233333
Wed Jun 22 21:26:27 2016 50.1614633333 -5.0552266667
Wed Jun 22 21:26:28 2016 50.1614633333 -5.0552266667
Wed Jun 22 21:26:29 2016 50.1614633333 -5.0552266667
Wed Jun 22 21:26:30 2016 50.1614633333 -5.0552266667
Wed Jun 22 21:26:31 2016 50.1614633333 -5.0552266667
Wed Jun 22 21:26:32 2016 50.1614633333 -5.0552266667
Wed Jun 22 21:26:33 2016 50.1614633333 -5.0552266667
Wed Jun 22 21:26:34 2016 50.1614633333 -5.0552266667
Wed Jun 22 21:26:35 2016 50.1614633333 -5.0552266667
Wed Jun 22 21:26:36 2016 50.1614633333 -5.0552266667
Wed Jun 22 21:26:37 2016 50.1614633333 -5.0552266667
Wed Jun 22 21:26:38 2016 50.1614633333 -5.0552266667
Wed Jun 22 21:26:39 2016 50.1614633333 -5.0552266667
Wed Jun 22 21:26:40 2016 50.1614633333 -5.0552266667
Wed Jun 22 21:26:41 2016 50.1614633333 -5.0552266667
Wed Jun 22 21:26:42 2016 50.1614633333 -5.0552266667
Wed Jun 22 21:26:43 2016 50.1614633333 -5.0552266667
Wed Jun 22 21:26:44 2016 50.1614633333 -5.0552266667
Wed Jun 22 21:26:45 2016 50.1614633333 -5.0552266667
Wed Jun 22 21:26:46 2016 50.1614633333 -5.0552266667
Wed Jun 22 21:26:47 2016 50.1614633333 -5.0552266667
Wed Jun 22 21:26:48 2016 50.1614633333 -5.0552266667
Wed Jun 22 21:26:49 2016 50.1614633333 -5.0552266667
Wed Jun 22 21:26:50 2016 50.1614633333 -5.0552266667
Wed Jun 22 21:26:51 2016 50.1614633333 -5.0552266667
Wed Jun 22 21:26:52 2016 50.1614633333 -5.0552266667
Wed Jun 22 21:26:53 2016 50.1614633333 -5.0552266667
Wed Jun 22 21:26:54 2016 50.1614633333 -5.0552266667
Wed Jun 22 21:26:55 2016 50.1614633333 -5.0552266667
Wed Jun 22 21:26:56 2016 50.1614633333 -5.0552266667
Wed Jun 22 21:26:57 2016 50.1614633333 -5.0552266667
Wed Jun 22 21:26:58 2016 50.1614633333 -5.0552266667
Wed Jun 22 21:26:59 2016 50.1614633333 -5.0552266667
Wed Jun 22 21:27:00 2016 50.1614633333 -5.0552266667
Wed Jun 22 21:27:01 2016 50.1614633333 -5.0552266667
Wed Jun 22 21:27:02 2016 50.1614633333 -5.0552266667
Wed Jun 22 21:27:03 2016 50.1614633333 -5.0552266667
Wed Jun 22 21:27:04 2016 50.1614633333 -5.0552266667
Wed Jun 22 21:27:05 2016 50.1614633333 -5.0552266667
Wed Jun 22 21:27:06 2016 50.1614633333 -5.0552266667
Wed Jun 22 21:27:07 2016 50.1614633333 -5.0552266667
Wed Jun 22 21:27:08 2016 50.1614633333 -5.0552266667
Wed Jun 22 21:27:09 2016 50.1614633333 -5.0552266667
Wed Jun 22 21:27:10 2016 50.1614633333 -5.0552266667
Wed Jun 22 21:27:11 2016 50.1614633333 -5.0552266667
Wed Jun 22 21:27:12 2016 50.1614633333 -5.0552266667
Wed Jun 22 21:27:13 2016 50.1614633333 -5.0552266667
Wed Jun 22 21:27:14 2016 50.1614633333 -5.0552266667
Wed Jun 22 21:27:15 2016 50.1614633333 -5.0552266667
Wed Jun 22 21:27:16 2016 50.1614633333 -5.0552266667
Wed Jun 22 21:27:17 2016 50.1614633333 -5.0552266667
Wed Jun 22 21:27:18 2016 50.1614633333 -5.0552266667
Wed Jun 22 21:27:19 2016 50.1614633333 -5.0552266667
Wed Jun 22 21:27:20 2016 50.1614633333 -5.0552266667
Wed Jun 22 21:27:21 2016 50.1614633333 -5.0552266667
Wed Jun 22 21:27:22 2016 50.1614633333 -5.0552266667
Wed Jun 22 21:27:23 2016 50.1614633333 -5.0552266667
Wed Jun 22 21:27:24 2016 50.1614633333 -5.0552266667
Wed Jun 22 21:27:25 2016 50.1614633333 -5.0552266667
Wed Jun 22 21:27:26 2016 50.1614633333 -5.0552266667
Wed Jun 22 21:27:27 2016 50.1614633333 -5.0552266667
Wed Jun 22 21:27:28 2016 50.1614633333 -5.0552266667
Wed Jun 22 21:27:29 2016 50.1614633333 -5.0552266667
Wed Jun 22 21:27:30 2016 50.1614633333 -5.0552266667
Wed Jun 22 21:27:31 2016 50.1614633333 -5.0552266667
Wed Jun 22 21:27:32 2016 50.1614633333 -5.0552266667
Wed Jun 22 21:27:33 2016 50.1614633333 -5.0552266667
Wed Jun 22 21:27:34 2016 50.1614633333 -5.0552266667
Wed Jun 22 21:27:35 2016 50.1614633333 -5.0552266667
Wed Jun 22 21:27:36 2016 50.1614633333 -5.0552266667
Wed Jun 22 21:27:37 2016 50.1614633333 -5.0552266667
Wed Jun 22 21:27:38 2016 50.1614633333 -5.0552266667
Wed Jun 22 21:27:39 2016 50.1614633333 -5.0552266667
Wed Jun 22 21:27:41 2016 50.1614633333 -5.0552266667
Wed Jun 22 21:27:42 2016 50.1614633333 -5.0552266667
Wed Jun 22 21:27:43 2016 50.1614633333 -5.0552266667
Wed Jun 22 21:27:44 2016 50.1614633333 -5.0552266667
Wed Jun 22 21:27:45 2016 50.1614633333 -5.0552266667
Wed Jun 22 21:27:46 2016 50.1614633333 -5.0552266667
Wed Jun 22 21:27:47 2016 50.1614633333 -5.0552266667
Wed Jun 22 21:27:48 2016 50.1614633333 -5.0552266667
Wed Jun 22 21:27:49 2016 50.1614633333 -5.0552266667
Wed Jun 22 21:27:50 2016 50.1614633333 -5.0552266667
Wed Jun 22 21:27:51 2016 50.1614633333 -5.0552266667
Wed Jun 22 21:27:52 2016 50.1614633333 -5.0552266667
Wed Jun 22 21:27:53 2016 50.1614633333 -5.0552266667
Wed Jun 22 21:27:54 2016 50.1614633333 -5.0552266667
Wed Jun 22 21:27:55 2016 50.1614633333 -5.0552266667
Wed Jun 22 21:27:56 2016 50.1614633333 -5.0552266667
Wed Jun 22 21:27:57 2016 50.1614633333 -5.0552266667
Wed Jun 22 21:27:58 2016 50.1614633333 -5.0552266667
Wed Jun 22 21:27:59 2016 50.1614633333 -5.0552266667
Wed Jun 22 21:28:00 2016 50.1614633333 -5.0552266667
Wed Jun 22 21:28:01 2016 50.1614633333 -5.0552266667
Wed Jun 22 21:28:02 2016 50.1614633333 -5.0552266667
Wed Jun 22 21:28:03 2016 50.1614633333 -5.0552266667
Wed Jun 22 21:28:04 2016 50.1614633333 -5.0552266667
Wed Jun 22 21:28:05 2016 50.1614633333 -5.0552266667
Wed Jun 22 21:28:06 2016 50.1614633333 -5.0552266667
Wed Jun 22 21:28:07 2016 50.1614633333 -5.0552266667
Wed Jun 22 21:28:08 2016 50.1614633333 -5.0552266667
Wed Jun 22 21:28:09 2016 50.1614633333 -5.0552283333
Wed Jun 22 21:28:10 2016 50.1614633333 -5.0552283333
Wed Jun 22 21:28:11 2016 50.1614633333 -5.0552283333
Wed Jun 22 21:28:12 2016 50.1614633333 -5.0552283333
Wed Jun 22 21:28:13 2016 50.1614633333 -5.0552283333
Wed Jun 22 21:28:14 2016 50.1614633333 -5.0552283333
Wed Jun 22 21:28:15 2016 50.1614633333 -5.0552283333
Wed Jun 22 21:28:16 2016 50.1614633333 -5.0552283333
Wed Jun 22 21:28:17 2016 50.1614633333 -5.0552283333
Wed Jun 22 21:28:18 2016 50.1614633333 -5.0552283333
Wed Jun 22 21:28:19 2016 50.1614633333 -5.0552283333
Wed Jun 22 21:28:20 2016 50.1614633333 -5.0552283333
Wed Jun 22 21:28:21 2016 50.1614633333 -5.0552283333
Wed Jun 22 21:28:22 2016 50.1614633333 -5.0552283333
Wed Jun 22 21:28:23 2016 50.1614633333 -5.0552283333
Wed Jun 22 21:28:24 2016 50.1614633333 -5.0552283333
Wed Jun 22 21:28:25 2016 50.1614633333 -5.0552283333
Wed Jun 22 21:28:26 2016 50.1614633333 -5.0552283333
Wed Jun 22 21:28:27 2016 50.1614633333 -5.0552283333
Wed Jun 22 21:28:28 2016 50.1614633333 -5.0552283333
Wed Jun 22 21:28:29 2016 50.1614633333 -5.0552283333
Wed Jun 22 21:28:30 2016 50.1614633333 -5.0552283333
Wed Jun 22 21:28:31 2016 50.1614633333 -5.0552283333
Wed Jun 22 21:28:32 2016 50.1614633333 -5.0552283333
Wed Jun 22 21:28:33 2016 50.1614633333 -5.0552283333
Wed Jun 22 21:28:34 2016 50.1614633333 -5.0552283333
Wed Jun 22 21:28:35 2016 50.1614633333 -5.0552283333
Wed Jun 22 21:28:36 2016 50.1614633333 -5.0552283333
Wed Jun 22 21:28:37 2016 50.1614633333 -5.0552283333
Wed Jun 22 21:28:38 2016 50.1614633333 -5.0552283333
Wed Jun 22 21:28:39 2016 50.1614633333 -5.0552283333
Wed Jun 22 21:28:40 2016 50.1614633333 -5.0552283333
Wed Jun 22 21:28:41 2016 50.1614633333 -5.0552283333
Wed Jun 22 21:28:42 2016 50.1614633333 -5.0552283333
Wed Jun 22 21:28:43 2016 50.1614633333 -5.0552283333
Wed Jun 22 21:28:44 2016 50.1614633333 -5.0552283333
Wed Jun 22 21:28:46 2016 50.1614633333 -5.0552283333
Wed Jun 22 21:28:47 2016 50.1614633333 -5.0552266667
Wed Jun 22 21:28:48 2016 50.1614633333 -5.0552216667
Wed Jun 22 21:28:49 2016 50.1614633333 -5.0552183333
Wed Jun 22 21:28:50 2016 50.1614633333 -5.0552166667
Wed Jun 22 21:28:51 2016 50.1614633333 -5.0552183333
Wed Jun 22 21:28:52 2016 50.1614633333 -5.0552166667
Wed Jun 22 21:28:53 2016 50.1614633333 -5.0552166667
Wed Jun 22 21:28:54 2016 50.1614633333 -5.0552183333
Wed Jun 22 21:28:55 2016 50.1614633333 -5.0552183333
Wed Jun 22 21:28:56 2016 50.1614633333 -5.0552183333
Wed Jun 22 21:28:57 2016 50.1614633333 -5.0552183333
Wed Jun 22 21:28:58 2016 50.1614633333 -5.0552183333
Wed Jun 22 21:28:59 2016 50.1614633333 -5.0552183333
Wed Jun 22 21:29:00 2016 50.1614633333 -5.0552183333
Wed Jun 22 21:29:01 2016 50.1614633333 -5.0552183333
Wed Jun 22 21:29:02 2016 50.1614633333 -5.0552183333
Wed Jun 22 21:29:03 2016 50.1614633333 -5.0552183333
Wed Jun 22 21:29:04 2016 50.1614633333 -5.0552183333
Wed Jun 22 21:29:05 2016 50.161465 -5.0552166667
Wed Jun 22 21:29:06 2016 50.1614633333 -5.055215
Wed Jun 22 21:29:07 2016 50.161465 -5.05522
Wed Jun 22 21:29:08 2016 50.1614666667 -5.0552233333
Wed Jun 22 21:29:09 2016 50.1614666667 -5.0552233333
Wed Jun 22 21:29:10 2016 50.1614666667 -5.0552233333
Wed Jun 22 21:29:11 2016 50.1614666667 -5.0552233333
Wed Jun 22 21:29:12 2016 50.1614666667 -5.055225
Wed Jun 22 21:29:13 2016 50.1614666667 -5.055225
Wed Jun 22 21:29:14 2016 50.1614666667 -5.0552266667
Wed Jun 22 21:29:15 2016 50.161465 -5.055225
Wed Jun 22 21:29:16 2016 50.16146 -5.0552233333
Wed Jun 22 21:29:17 2016 50.161455 -5.0552233333
Wed Jun 22 21:29:18 2016 50.1614516667 -5.0552233333
Wed Jun 22 21:29:19 2016 50.1614483333 -5.055225
Wed Jun 22 21:29:20 2016 50.161445 -5.0552233333
Wed Jun 22 21:29:21 2016 50.1614416667 -5.05522
Wed Jun 22 21:29:22 2016 50.1614383333 -5.0552183333
Wed Jun 22 21:29:23 2016 50.161435 -5.0552166667
Wed Jun 22 21:29:24 2016 50.1614316667 -5.0552166667
Wed Jun 22 21:29:25 2016 50.1614283333 -5.0552166667
Wed Jun 22 21:29:26 2016 50.1614266667 -5.055215
Wed Jun 22 21:29:27 2016 50.1614216667 -5.0552133333
Wed Jun 22 21:29:28 2016 50.16142 -5.0552116667
Wed Jun 22 21:29:29 2016 50.1614166667 -5.0552083333
Wed Jun 22 21:29:30 2016 50.161415 -5.0552033333
Wed Jun 22 21:29:31 2016 50.161415 -5.055195
Wed Jun 22 21:29:32 2016 50.161415 -5.0551866667
Wed Jun 22 21:29:33 2016 50.161415 -5.0551783333
Wed Jun 22 21:29:34 2016 50.1614133333 -5.05517
Wed Jun 22 21:29:35 2016 50.1614133333 -5.0551633333
Wed Jun 22 21:29:36 2016 50.1614116667 -5.055155
Wed Jun 22 21:29:37 2016 50.1614116667 -5.0551466667
Wed Jun 22 21:29:38 2016 50.16141 -5.05514
Wed Jun 22 21:29:39 2016 50.16141 -5.0551333333
Wed Jun 22 21:29:40 2016 50.16141 -5.0551266667
Wed Jun 22 21:29:41 2016 50.16141 -5.0551183333
Wed Jun 22 21:29:42 2016 50.16141 -5.0551133333
Wed Jun 22 21:29:43 2016 50.16141 -5.0551066667
Wed Jun 22 21:29:44 2016 50.16141 -5.0551
Wed Jun 22 21:29:45 2016 50.16141 -5.0550933333
Wed Jun 22 21:29:46 2016 50.1614083333 -5.0550866667
Wed Jun 22 21:29:47 2016 50.1614066667 -5.05508
Wed Jun 22 21:29:48 2016 50.161405 -5.05507
Wed Jun 22 21:29:49 2016 50.1614016667 -5.0550616667
Wed Jun 22 21:29:50 2016 50.1614 -5.0550533333
Wed Jun 22 21:29:51 2016 50.1613983333 -5.0550466667
Wed Jun 22 21:29:52 2016 50.161395 -5.0550383333
Wed Jun 22 21:29:53 2016 50.1613933333 -5.05503
Wed Jun 22 21:29:54 2016 50.16139 -5.0550233333
Wed Jun 22 21:29:55 2016 50.1613866667 -5.0550166667
Wed Jun 22 21:29:56 2016 50.1613833333 -5.0550083333
Wed Jun 22 21:29:57 2016 50.16138 -5.0550016667
Wed Jun 22 21:29:58 2016 50.161375 -5.0549933333
Wed Jun 22 21:29:59 2016 50.1613716667 -5.0549866667
Wed Jun 22 21:30:00 2016 50.1613683333 -5.0549816667
Wed Jun 22 21:30:01 2016 50.1613633333 -5.0549766667
Wed Jun 22 21:30:02 2016 50.16136 -5.0549716667
Wed Jun 22 21:30:03 2016 50.1613566667 -5.0549683333
Wed Jun 22 21:30:04 2016 50.1613533333 -5.0549633333
Wed Jun 22 21:30:05 2016 50.16135 -5.0549616667
Wed Jun 22 21:30:06 2016 50.1613483333 -5.05496
Wed Jun 22 21:30:07 2016 50.161345 -5.0549566667
Wed Jun 22 21:30:08 2016 50.1613416667 -5.054955
Wed Jun 22 21:30:09 2016 50.16134 -5.0549533333
Wed Jun 22 21:30:10 2016 50.1613366667 -5.0549516667
Wed Jun 22 21:30:11 2016 50.161335 -5.05495
Wed Jun 22 21:30:12 2016 50.1613333333 -5.05495
Wed Jun 22 21:30:13 2016 50.1613333333 -5.0549483333
Wed Jun 22 21:30:14 2016 50.1613316667 -5.054945
Wed Jun 22 21:30:15 2016 50.1613283333 -5.0549433333
Wed Jun 22 21:30:16 2016 50.1613266667 -5.0549383333
Wed Jun 22 21:30:17 2016 50.1613233333 -5.0549366667
Wed Jun 22 21:30:18 2016 50.16132 -5.0549316667
Wed Jun 22 21:30:19 2016 50.1613166667 -5.054925
Wed Jun 22 21:30:20 2016 50.1613133333 -5.05492
Wed Jun 22 21:30:21 2016 50.1613083333 -5.054915
Wed Jun 22 21:30:22 2016 50.161305 -5.0549116667
Wed Jun 22 21:30:23 2016 50.1613016667 -5.0549066667
Wed Jun 22 21:30:24 2016 50.1612983333 -5.0549033333
Wed Jun 22 21:30:25 2016 50.161295 -5.0548983333
Wed Jun 22 21:30:26 2016 50.1612916667 -5.0548933333
Wed Jun 22 21:30:27 2016 50.1612866667 -5.0548883333
Wed Jun 22 21:30:28 2016 50.1612833333 -5.0548816667
Wed Jun 22 21:30:29 2016 50.16128 -5.054875
Wed Jun 22 21:30:30 2016 50.161275 -5.054865
Wed Jun 22 21:30:31 2016 50.1612716667 -5.054855
Wed Jun 22 21:30:32 2016 50.1612666667 -5.054845
Wed Jun 22 21:30:33 2016 50.1612616667 -5.0548333333
Wed Jun 22 21:30:34 2016 50.1612566667 -5.05482
Wed Jun 22 21:30:35 2016 50.16125 -5.0548066667
Wed Jun 22 21:30:36 2016 50.161245 -5.0547933333
Wed Jun 22 21:30:37 2016 50.1612383333 -5.0547816667
Wed Jun 22 21:30:38 2016 50.1612316667 -5.0547716667
Wed Jun 22 21:30:39 2016 50.1612266667 -5.0547616667
Wed Jun 22 21:30:40 2016 50.16122 -5.054755
Wed Jun 22 21:30:41 2016 50.161215 -5.0547483333
Wed Jun 22 21:30:42 2016 50.1612083333 -5.0547416667
Wed Jun 22 21:30:43 2016 50.1612016667 -5.0547383333
Wed Jun 22 21:30:44 2016 50.1611966667 -5.054735
Wed Jun 22 21:30:45 2016 50.1611916667 -5.0547316667
Wed Jun 22 21:30:46 2016 50.1611866667 -5.05473
Wed Jun 22 21:30:47 2016 50.16118 -5.054725
Wed Jun 22 21:30:48 2016 50.1611733333 -5.05472
Wed Jun 22 21:30:49 2016 50.1611683333 -5.0547166667
Wed Jun 22 21:30:50 2016 50.1611616667 -5.0547116667
Wed Jun 22 21:30:51 2016 50.161155 -5.0547066667
Wed Jun 22 21:30:52 2016 50.16115 -5.0547
Wed Jun 22 21:30:53 2016 50.1611433333 -5.0546933333
Wed Jun 22 21:30:54 2016 50.1611383333 -5.0546883333
Wed Jun 22 21:30:55 2016 50.161135 -5.0546833333
Wed Jun 22 21:30:56 2016 50.16113 -5.0546766667
Wed Jun 22 21:30:57 2016 50.1611266667 -5.0546716667
Wed Jun 22 21:30:58 2016 50.1611233333 -5.0546666667
Wed Jun 22 21:30:59 2016 50.1611216667 -5.0546616667
Wed Jun 22 21:31:00 2016 50.1611183333 -5.0546566667
Wed Jun 22 21:31:01 2016 50.1611166667 -5.0546516667
Wed Jun 22 21:31:02 2016 50.1611133333 -5.0546483333
Wed Jun 22 21:31:03 2016 50.1611116667 -5.054645
Wed Jun 22 21:31:04 2016 50.1611083333 -5.05464
Wed Jun 22 21:31:05 2016 50.161105 -5.054635
Wed Jun 22 21:31:06 2016 50.1611016667 -5.0546283333
Wed Jun 22 21:31:07 2016 50.1610983333 -5.05462
Wed Jun 22 21:31:08 2016 50.1610933333 -5.0546083333
Wed Jun 22 21:31:09 2016 50.1610883333 -5.054595
Wed Jun 22 21:31:10 2016 50.1610833333 -5.0545816667
Wed Jun 22 21:31:11 2016 50.1610766667 -5.0545666667
Wed Jun 22 21:31:12 2016 50.1610683333 -5.0545516667
Wed Jun 22 21:31:13 2016 50.1610616667 -5.0545366667
Wed Jun 22 21:31:14 2016 50.1610533333 -5.0545216667
Wed Jun 22 21:31:15 2016 50.161045 -5.054505
Wed Jun 22 21:31:16 2016 50.1610366667 -5.05449
Wed Jun 22 21:31:17 2016 50.1610283333 -5.0544733333
Wed Jun 22 21:31:18 2016 50.1610216667 -5.0544583333
Wed Jun 22 21:31:19 2016 50.1610133333 -5.0544433333
Wed Jun 22 21:31:20 2016 50.161005 -5.0544316667
Wed Jun 22 21:31:21 2016 50.1609983333 -5.05442
Wed Jun 22 21:31:22 2016 50.16099 -5.05441
Wed Jun 22 21:31:23 2016 50.1609833333 -5.0544
Wed Jun 22 21:31:24 2016 50.1609766667 -5.0543933333
Wed Jun 22 21:31:25 2016 50.16097 -5.0543866667
Wed Jun 22 21:31:26 2016 50.160965 -5.0543833333
Wed Jun 22 21:31:27 2016 50.1609583333 -5.05438
Wed Jun 22 21:31:28 2016 50.1609516667 -5.0543766667
Wed Jun 22 21:31:29 2016 50.1609466667 -5.054375
Wed Jun 22 21:31:30 2016 50.1609416667 -5.0543733333
Wed Jun 22 21:31:31 2016 50.1609383333 -5.0543733333
Wed Jun 22 21:31:32 2016 50.1609333333 -5.0543733333
Wed Jun 22 21:31:33 2016 50.16093 -5.0543733333
Wed Jun 22 21:31:34 2016 50.160925 -5.0543733333
Wed Jun 22 21:31:35 2016 50.1609233333 -5.0543733333
Wed Jun 22 21:31:36 2016 50.1609233333 -5.0543733333
Wed Jun 22 21:31:37 2016 50.1609233333 -5.054375
Wed Jun 22 21:31:38 2016 50.160925 -5.0543783333
Wed Jun 22 21:31:39 2016 50.1609233333 -5.0543833333
Wed Jun 22 21:31:40 2016 50.1609233333 -5.05439
Wed Jun 22 21:31:41 2016 50.1609233333 -5.0544
Wed Jun 22 21:31:42 2016 50.1609233333 -5.05441
Wed Jun 22 21:31:43 2016 50.1609233333 -5.0544216667
Wed Jun 22 21:31:44 2016 50.160925 -5.0544333333
Wed Jun 22 21:31:45 2016 50.1609233333 -5.0544466667
Wed Jun 22 21:31:46 2016 50.160925 -5.05446
Wed Jun 22 21:31:47 2016 50.1609266667 -5.0544733333
Wed Jun 22 21:31:48 2016 50.1609266667 -5.0544883333
Wed Jun 22 21:31:49 2016 50.1609283333 -5.0545016667
Wed Jun 22 21:31:50 2016 50.1609283333 -5.0545166667
Wed Jun 22 21:31:51 2016 50.16093 -5.0545316667
Wed Jun 22 21:31:52 2016 50.16093 -5.0545466667
Wed Jun 22 21:31:53 2016 50.1609316667 -5.05456
Wed Jun 22 21:31:54 2016 50.1609333333 -5.0545733333
Wed Jun 22 21:31:55 2016 50.160935 -5.0545866667
Wed Jun 22 21:31:57 2016 50.1609366667 -5.0546
Wed Jun 22 21:31:58 2016 50.16094 -5.0546116667
Wed Jun 22 21:31:59 2016 50.1609416667 -5.054625
Wed Jun 22 21:32:00 2016 50.160945 -5.054635
Wed Jun 22 21:32:01 2016 50.1609483333 -5.0546466667
Wed Jun 22 21:32:02 2016 50.1609533333 -5.0546566667
Wed Jun 22 21:32:03 2016 50.1609583333 -5.0546666667
Wed Jun 22 21:32:04 2016 50.160965 -5.0546783333
Wed Jun 22 21:32:05 2016 50.16097 -5.054685
Wed Jun 22 21:32:06 2016 50.1609766667 -5.0546916667
Wed Jun 22 21:32:07 2016 50.1609833333 -5.0547
Wed Jun 22 21:32:08 2016 50.16099 -5.0547033333
Wed Jun 22 21:32:09 2016 50.1609966667 -5.0547116667
Wed Jun 22 21:32:10 2016 50.161005 -5.0547166667
Wed Jun 22 21:32:11 2016 50.1610133333 -5.0547233333
Wed Jun 22 21:32:12 2016 50.1610233333 -5.05473
Wed Jun 22 21:32:13 2016 50.1610333333 -5.0547366667
Wed Jun 22 21:32:14 2016 50.1610416667 -5.0547416667
Wed Jun 22 21:32:15 2016 50.1610516667 -5.0547483333
Wed Jun 22 21:32:16 2016 50.16106 -5.0547533333
Wed Jun 22 21:32:17 2016 50.16107 -5.0547583333
Wed Jun 22 21:32:18 2016 50.1610783333 -5.0547633333
Wed Jun 22 21:32:19 2016 50.1610883333 -5.05477
Wed Jun 22 21:32:20 2016 50.1610966667 -5.0547766667
Wed Jun 22 21:32:21 2016 50.1611066667 -5.0547833333
Wed Jun 22 21:32:22 2016 50.1611166667 -5.05479
Wed Jun 22 21:32:23 2016 50.1611266667 -5.0547966667
Wed Jun 22 21:32:24 2016 50.161135 -5.054805
Wed Jun 22 21:32:25 2016 50.161145 -5.0548133333
Wed Jun 22 21:32:26 2016 50.1611533333 -5.05482
Wed Jun 22 21:32:27 2016 50.1611633333 -5.0548283333
Wed Jun 22 21:32:28 2016 50.1611716667 -5.054835
Wed Jun 22 21:32:29 2016 50.1611816667 -5.0548433333
Wed Jun 22 21:32:30 2016 50.16119 -5.05485
Wed Jun 22 21:32:31 2016 50.1612 -5.05486
Wed Jun 22 21:32:32 2016 50.1612083333 -5.0548683333
Wed Jun 22 21:32:33 2016 50.1612166667 -5.0548766667
Wed Jun 22 21:32:34 2016 50.1612233333 -5.054885
Wed Jun 22 21:32:35 2016 50.1612316667 -5.0548916667
Wed Jun 22 21:32:36 2016 50.16124 -5.0548966667
Wed Jun 22 21:32:37 2016 50.1612483333 -5.0549033333
Wed Jun 22 21:32:38 2016 50.161255 -5.0549083333
Wed Jun 22 21:32:39 2016 50.1612616667 -5.0549133333
Wed Jun 22 21:32:40 2016 50.1612683333 -5.0549166667
Wed Jun 22 21:32:41 2016 50.1612733333 -5.0549216667
Wed Jun 22 21:32:42 2016 50.1612783333 -5.0549233333
Wed Jun 22 21:32:43 2016 50.1612833333 -5.0549266667
Wed Jun 22 21:32:44 2016 50.16129 -5.05493
Wed Jun 22 21:32:45 2016 50.1612933333 -5.0549333333
Wed Jun 22 21:32:46 2016 50.1612983333 -5.0549383333
Wed Jun 22 21:32:47 2016 50.1613033333 -5.0549416667
Wed Jun 22 21:32:48 2016 50.1613066667 -5.054945
Wed Jun 22 21:32:49 2016 50.16131 -5.0549483333
Wed Jun 22 21:32:50 2016 50.161315 -5.0549516667
Wed Jun 22 21:32:51 2016 50.1613183333 -5.0549566667
Wed Jun 22 21:32:52 2016 50.1613216667 -5.0549633333
Wed Jun 22 21:32:53 2016 50.1613266667 -5.05497
Wed Jun 22 21:32:54 2016 50.16133 -5.054975
Wed Jun 22 21:32:55 2016 50.161335 -5.05498
Wed Jun 22 21:32:56 2016 50.1613383333 -5.0549866667
Wed Jun 22 21:32:57 2016 50.1613416667 -5.0549933333
Wed Jun 22 21:32:59 2016 50.16135 -5.055005
Wed Jun 22 21:33:00 2016 50.1613516667 -5.0550066667
Wed Jun 22 21:33:01 2016 50.1613533333 -5.0550083333
Wed Jun 22 21:33:02 2016 50.161355 -5.05501
Wed Jun 22 21:33:03 2016 50.1613583333 -5.0550133333
Wed Jun 22 21:33:04 2016 50.1613583333 -5.0550133333
Wed Jun 22 21:33:05 2016 50.16136 -5.055015
Wed Jun 22 21:33:06 2016 50.16136 -5.0550166667
Wed Jun 22 21:33:07 2016 50.16136 -5.0550183333
Wed Jun 22 21:33:08 2016 50.16136 -5.05502
Wed Jun 22 21:33:09 2016 50.1613616667 -5.0550216667
Wed Jun 22 21:33:10 2016 50.1613616667 -5.0550216667
Wed Jun 22 21:33:11 2016 50.16136 -5.0550216667
Wed Jun 22 21:33:12 2016 50.16136 -5.0550216667
Wed Jun 22 21:33:13 2016 50.16136 -5.0550216667
Wed Jun 22 21:33:14 2016 50.16136 -5.0550216667
Wed Jun 22 21:33:15 2016 50.16136 -5.0550216667
Wed Jun 22 21:33:16 2016 50.16136 -5.0550216667
Wed Jun 22 21:33:17 2016 50.16136 -5.0550233333
Wed Jun 22 21:33:18 2016 50.16136 -5.055025
Wed Jun 22 21:33:19 2016 50.16136 -5.055025
Wed Jun 22 21:33:20 2016 50.16136 -5.055025
Wed Jun 22 21:33:21 2016 50.16136 -5.055025
Wed Jun 22 21:33:22 2016 50.16136 -5.055025
Wed Jun 22 21:33:23 2016 50.16136 -5.0550266667
Wed Jun 22 21:33:24 2016 50.16136 -5.05503
Wed Jun 22 21:33:25 2016 50.1613583333 -5.05503
Wed Jun 22 21:33:26 2016 50.1613583333 -5.05503
Wed Jun 22 21:33:27 2016 50.1613583333 -5.05503
Wed Jun 22 21:33:28 2016 50.1613583333 -5.05503
Wed Jun 22 21:33:29 2016 50.1613583333 -5.05503
Wed Jun 22 21:33:30 2016 50.1613583333 -5.05503
Wed Jun 22 21:33:31 2016 50.16136 -5.0550333333
Wed Jun 22 21:33:32 2016 50.16136 -5.0550333333
Wed Jun 22 21:33:33 2016 50.16136 -5.0550333333
Wed Jun 22 21:33:34 2016 50.16136 -5.0550333333
Wed Jun 22 21:33:35 2016 50.16136 -5.0550366667
Wed Jun 22 21:33:36 2016 50.16136 -5.0550366667
Wed Jun 22 21:33:37 2016 50.16136 -5.0550366667
Wed Jun 22 21:33:38 2016 50.16136 -5.0550366667
Wed Jun 22 21:33:39 2016 50.16136 -5.0550366667
Wed Jun 22 21:33:40 2016 50.16136 -5.0550366667
Wed Jun 22 21:33:41 2016 50.16136 -5.0550366667
Wed Jun 22 21:33:42 2016 50.16136 -5.0550366667
Wed Jun 22 21:33:43 2016 50.16136 -5.0550366667
Wed Jun 22 21:33:44 2016 50.1613583333 -5.0550383333
Wed Jun 22 21:33:45 2016 50.1613583333 -5.0550366667
Wed Jun 22 21:33:46 2016 50.1613566667 -5.0550366667
Wed Jun 22 21:33:47 2016 50.161355 -5.0550366667
Wed Jun 22 21:33:48 2016 50.1613533333 -5.0550366667
Wed Jun 22 21:33:49 2016 50.1613533333 -5.0550366667
Wed Jun 22 21:33:50 2016 50.1613533333 -5.0550366667
Wed Jun 22 21:33:51 2016 50.1613533333 -5.0550383333
Wed Jun 22 21:33:52 2016 50.1613533333 -5.0550366667
Wed Jun 22 21:33:53 2016 50.1613533333 -5.0550383333
Wed Jun 22 21:33:54 2016 50.1613533333 -5.0550383333
Wed Jun 22 21:33:55 2016 50.1613533333 -5.0550383333
Wed Jun 22 21:33:56 2016 50.1613533333 -5.0550383333
Wed Jun 22 21:33:57 2016 50.1613533333 -5.0550383333
Wed Jun 22 21:33:58 2016 50.1613533333 -5.0550383333
Wed Jun 22 21:33:59 2016 50.1613533333 -5.0550383333
Wed Jun 22 21:34:00 2016 50.1613533333 -5.0550383333
Wed Jun 22 21:34:01 2016 50.1613533333 -5.0550383333
Wed Jun 22 21:34:02 2016 50.1613533333 -5.0550383333
Wed Jun 22 21:34:03 2016 50.1613533333 -5.05504
Wed Jun 22 21:34:04 2016 50.161355 -5.0550416667
Wed Jun 22 21:34:05 2016 50.1613566667 -5.0550433333
Wed Jun 22 21:34:06 2016 50.1613583333 -5.055045
Wed Jun 22 21:34:07 2016 50.16136 -5.0550433333
Wed Jun 22 21:34:08 2016 50.1613616667 -5.0550416667
Wed Jun 22 21:34:09 2016 50.1613616667 -5.05504
Wed Jun 22 21:34:10 2016 50.16136 -5.0550366667
Wed Jun 22 21:34:11 2016 50.1613583333 -5.0550333333
Wed Jun 22 21:34:12 2016 50.1613566667 -5.05503
Wed Jun 22 21:34:13 2016 50.161355 -5.055025
Wed Jun 22 21:34:14 2016 50.161355 -5.0550183333
Wed Jun 22 21:34:15 2016 50.161355 -5.0550133333
Wed Jun 22 21:34:16 2016 50.1613533333 -5.0550083333
Wed Jun 22 21:34:17 2016 50.1613533333 -5.0550033333
Wed Jun 22 21:34:18 2016 50.1613533333 -5.055
Wed Jun 22 21:34:19 2016 50.1613533333 -5.0549966667
Wed Jun 22 21:34:20 2016 50.1613516667 -5.0549916667
Wed Jun 22 21:34:21 2016 50.1613516667 -5.0549883333
Wed Jun 22 21:34:22 2016 50.1613516667 -5.054985
Wed Jun 22 21:34:23 2016 50.1613516667 -5.0549816667
Wed Jun 22 21:34:24 2016 50.1613516667 -5.0549783333
Wed Jun 22 21:34:25 2016 50.1613516667 -5.054975
Wed Jun 22 21:34:26 2016 50.1613516667 -5.0549716667
Wed Jun 22 21:34:27 2016 50.1613516667 -5.0549683333
Wed Jun 22 21:34:28 2016 50.1613516667 -5.054965
Wed Jun 22 21:34:29 2016 50.1613516667 -5.0549616667
Wed Jun 22 21:34:30 2016 50.1613516667 -5.0549616667
Wed Jun 22 21:34:31 2016 50.1613516667 -5.0549616667
Wed Jun 22 21:34:32 2016 50.1613516667 -5.0549616667
Wed Jun 22 21:34:33 2016 50.1613516667 -5.0549616667
Wed Jun 22 21:34:34 2016 50.1613516667 -5.05496
Wed Jun 22 21:34:35 2016 50.1613516667 -5.0549616667
Wed Jun 22 21:34:36 2016 50.1613516667 -5.0549616667
Wed Jun 22 21:34:37 2016 50.1613516667 -5.0549616667
Wed Jun 22 21:34:38 2016 50.1613516667 -5.0549616667
Wed Jun 22 21:34:39 2016 50.1613516667 -5.0549616667
