21:18:06 16.75
21:18:07 16.812
21:18:08 16.687
21:18:09 16.812
21:18:10 16.687
21:18:11 16.812
21:18:13 16.687
21:18:15 16.812
21:18:18 16.687
21:18:19 16.812
21:18:25 16.687
21:18:26 16.812
21:18:29 16.687
21:18:30 16.812
21:18:31 16.687
21:18:31 16.812
21:18:32 16.687
21:18:33 16.812
21:18:34 16.687
21:18:36 16.812
21:18:37 16.687
21:18:41 16.812
21:18:42 16.687
21:18:43 16.812
21:18:44 16.687
21:18:45 16.812
21:18:46 16.687
21:18:47 16.812
21:18:47 16.687
21:18:48 16.812
21:18:49 16.687
21:18:50 16.812
21:18:51 16.687
21:18:52 16.812
21:18:52 16.687
21:18:53 16.812
21:18:54 16.687
21:18:55 16.812
21:18:56 16.687
21:18:57 17.062
21:18:57 16.687
21:18:58 17.5
21:18:59 16.687
21:19:00 17.5
21:19:01 16.687
21:19:02 17.375
21:19:02 16.687
21:19:03 17.25
21:19:04 16.687
21:19:05 17.125
21:19:06 16.687
21:19:07 17.062
21:19:07 16.687
21:19:08 17.0
21:19:09 16.687
21:19:10 16.937
21:19:11 16.687
21:19:12 16.937
21:19:12 16.687
21:19:13 16.937
21:19:14 16.687
21:19:15 16.875
21:19:16 16.687
21:19:16 16.875
21:19:17 16.687
21:19:18 16.875
21:19:19 16.687
21:19:20 16.812
21:19:21 16.687
21:19:21 16.812
21:19:22 16.687
21:19:23 16.812
21:19:24 16.687
21:19:25 16.812
21:19:26 16.687
21:19:26 16.812
21:19:27 16.687
21:19:28 16.812
21:19:29 16.687
21:19:30 16.812
21:19:31 16.625
21:19:31 16.75
21:19:32 16.625
21:19:33 16.75
21:19:34 16.625
21:19:35 16.75
21:19:36 16.562
21:19:36 16.687
21:19:37 16.5
21:19:38 16.625
21:19:39 16.437
21:19:40 16.562
21:19:41 16.375
21:19:41 16.5
21:19:42 16.312
21:19:43 16.5
21:19:44 16.312
21:19:45 16.5
21:19:46 16.312
21:19:46 16.5
21:19:47 16.312
21:19:48 16.437
21:19:49 16.25
21:19:50 16.437
21:19:51 16.25
21:19:51 16.375
21:19:52 16.25
21:19:53 16.375
21:19:54 16.25
21:19:55 16.375
21:19:56 16.25
21:19:56 16.375
21:19:57 16.25
21:19:58 16.312
21:19:59 16.187
21:20:00 16.312
21:20:00 16.187
21:20:03 16.312
21:20:04 16.187
21:20:05 16.312
21:20:06 16.125
21:20:07 16.312
21:20:08 16.125
21:20:09 16.312
21:20:10 16.062
21:20:10 16.312
21:20:11 16.062
21:20:13 16.312
21:20:15 16.062
21:20:17 16.25
21:20:19 16.062
21:20:21 16.187
21:20:24 16.062
21:20:25 16.187
21:20:26 16.062
21:20:26 16.187
21:20:27 16.062
21:20:28 16.187
21:20:29 16.062
21:20:30 16.25
21:20:31 16.062
21:20:31 16.25
21:20:32 16.062
21:20:33 16.25
21:20:34 16.062
21:20:35 16.25
21:20:36 16.125
21:20:36 16.25
21:20:37 16.125
21:20:38 16.25
21:20:39 16.125
21:20:40 16.25
21:20:41 16.125
21:20:41 16.312
21:20:42 16.125
21:20:43 16.312
21:20:44 16.187
21:20:46 16.312
21:20:46 16.187
21:20:47 16.312
21:20:48 16.187
21:20:49 16.312
21:20:50 16.187
21:20:50 16.312
21:20:51 16.187
21:20:52 16.312
21:20:53 16.187
21:20:54 16.312
21:20:55 16.125
21:20:55 16.312
21:20:56 16.125
21:20:57 16.312
21:20:58 16.125
21:20:59 16.25
21:21:00 16.125
21:21:00 16.25
21:21:01 16.125
21:21:02 16.25
21:21:03 16.125
21:21:04 16.25
21:21:05 16.125
21:21:05 16.25
21:21:06 16.125
21:21:07 16.312
21:21:08 16.125
21:21:09 16.312
21:21:10 16.125
21:21:10 16.312
21:21:11 16.125
21:21:12 16.312
21:21:13 16.187
21:21:14 16.312
21:21:15 16.187
21:21:15 16.312
21:21:16 16.187
21:21:17 16.312
21:21:18 16.187
21:21:19 16.312
21:21:20 16.187
21:21:20 16.312
21:21:21 16.187
21:21:22 16.312
21:21:23 16.187
21:21:24 16.312
21:21:25 16.187
21:21:25 16.312
21:21:26 16.187
21:21:27 16.312
21:21:28 16.187
21:21:29 16.312
21:21:30 16.187
21:21:30 16.375
21:21:31 16.187
21:21:32 16.375
21:21:33 16.187
21:21:34 16.375
21:21:35 16.187
21:21:35 16.375
21:21:36 16.187
21:21:37 16.375
21:21:38 16.187
21:21:39 16.375
21:21:40 16.187
21:21:40 16.375
21:21:41 16.187
21:21:43 16.375
21:21:44 16.187
21:21:45 16.375
21:21:45 16.187
21:21:46 16.375
21:21:47 16.187
21:21:48 16.375
21:21:49 16.187
21:21:50 16.375
21:21:50 16.187
21:21:51 16.375
21:21:52 16.25
21:21:53 16.375
21:21:54 16.25
21:21:54 16.375
21:21:55 16.25
21:21:56 16.375
21:21:57 16.25
21:21:58 16.375
21:21:59 16.25
21:21:59 16.375
21:22:00 16.187
21:22:01 16.375
21:22:02 16.25
21:22:03 16.375
21:22:04 16.187
21:22:04 16.375
21:22:05 16.187
21:22:06 16.375
21:22:07 16.187
21:22:08 16.375
21:22:09 16.187
21:22:09 16.375
21:22:10 16.25
21:22:11 16.375
21:22:12 16.25
21:22:13 16.375
21:22:14 16.25
21:22:14 16.375
21:22:16 16.25
21:22:17 16.375
21:22:18 16.25
21:22:19 16.375
21:22:19 16.187
21:22:20 16.375
21:22:21 16.187
21:22:22 16.375
21:22:23 16.187
21:22:24 16.375
21:22:24 16.187
21:22:25 16.375
21:22:26 16.25
21:22:27 16.375
21:22:28 16.25
21:22:29 16.375
21:22:29 16.187
21:22:30 16.375
21:22:31 16.187
21:22:32 16.375
21:22:33 16.187
21:22:34 16.375
21:22:34 16.187
21:22:35 16.375
21:22:36 16.187
21:22:37 16.375
21:22:38 16.187
21:22:38 16.375
21:22:39 16.187
21:22:40 16.375
21:22:41 16.187
21:22:42 16.375
21:22:43 16.187
21:22:43 16.375
21:22:44 16.187
21:22:45 16.375
21:22:46 16.187
21:22:47 16.375
21:22:48 16.187
21:22:48 16.375
21:22:49 16.25
21:22:50 16.375
21:22:51 16.187
21:22:52 16.375
21:22:53 16.187
21:22:54 16.375
21:22:57 16.25
21:22:58 16.375
21:22:58 16.25
21:22:59 16.375
21:23:00 16.187
21:23:01 16.375
21:23:02 16.25
21:23:03 16.375
21:23:03 16.25
21:23:04 16.375
21:23:05 16.25
21:23:06 16.375
21:23:07 16.25
21:23:08 16.375
21:23:08 16.25
21:23:09 16.375
21:23:10 16.25
21:23:11 16.375
21:23:12 16.25
21:23:13 16.375
21:23:13 16.187
21:23:14 16.375
21:23:15 16.25
21:23:16 16.375
21:23:17 16.25
21:23:19 16.375
21:23:20 16.25
21:23:21 16.375
21:23:22 16.25
21:23:23 16.375
21:23:23 16.25
21:23:24 16.375
21:23:25 16.25
21:23:26 16.375
21:23:28 16.25
21:23:28 16.375
21:23:30 16.25
21:23:31 16.375
21:23:32 16.25
21:23:33 16.375
21:23:33 16.25
21:23:34 16.375
21:23:35 16.25
21:23:36 16.375
21:23:37 16.25
21:23:38 16.375
21:23:38 16.25
21:23:39 16.375
21:23:40 16.25
21:23:41 16.375
21:23:42 16.25
21:23:42 16.375
21:23:43 16.25
21:23:44 16.375
21:23:45 16.25
21:23:46 16.375
21:23:47 16.25
21:23:47 16.375
21:23:48 16.25
21:23:49 16.375
21:23:50 16.25
21:23:51 16.375
21:23:52 16.25
21:23:52 16.375
21:23:53 16.25
21:23:54 16.375
21:23:55 16.25
21:23:57 16.375
21:23:58 16.187
21:23:59 16.375
21:24:04 16.187
21:24:05 16.375
21:24:06 16.187
21:24:07 16.375
21:24:07 16.187
21:24:08 16.375
21:24:09 16.187
21:24:10 16.375
21:24:11 16.187
21:24:12 16.375
21:24:12 16.187
21:24:13 16.375
21:24:14 16.187
21:24:15 16.375
21:24:16 16.187
21:24:17 16.375
21:24:17 16.187
21:24:18 16.375
21:24:19 16.187
21:24:20 16.375
21:24:21 16.187
21:24:22 16.375
21:24:22 16.187
21:24:23 16.375
21:24:24 16.187
21:24:25 16.312
21:24:26 16.187
21:24:27 16.375
21:24:27 16.187
21:24:28 16.375
21:24:29 16.187
21:24:30 16.375
21:24:31 16.187
21:24:32 16.375
21:24:32 16.187
21:24:33 16.375
21:24:34 16.187
21:24:35 16.375
21:24:36 16.187
21:24:37 16.375
21:24:38 16.187
21:24:39 16.312
21:24:40 16.187
21:24:41 16.312
21:24:42 16.187
21:24:42 16.312
21:24:43 16.187
21:24:44 16.312
21:24:45 16.187
21:24:46 16.312
21:24:47 16.187
21:24:47 16.312
21:24:48 16.187
21:24:49 16.312
21:24:50 16.187
21:24:51 16.312
21:24:51 16.187
21:24:52 16.312
21:24:53 16.125
21:25:00 16.25
21:25:01 16.125
21:25:01 16.25
21:25:02 16.125
21:25:03 16.25
21:25:04 16.125
21:25:06 16.25
21:25:11 16.125
21:25:15 16.312
21:25:16 16.187
21:25:16 16.312
21:25:17 16.187
21:25:18 16.312
21:25:19 16.187
21:25:20 16.312
21:25:21 16.187
21:25:21 16.312
21:25:22 16.125
21:25:23 16.312
21:25:24 16.125
21:25:25 16.312
21:25:27 16.125
21:25:28 16.25
21:25:29 16.125
21:25:30 16.312
21:25:31 16.125
21:25:31 16.312
21:25:32 16.187
21:25:33 16.312
21:25:34 16.187
21:25:35 16.312
21:25:36 16.187
21:25:37 16.375
21:25:38 16.25
21:25:39 16.375
21:25:40 16.25
21:25:40 16.375
21:25:41 16.312
21:25:42 16.437
21:25:43 16.375
21:25:44 16.5
21:25:45 16.437
21:25:45 16.562
21:25:46 16.437
21:25:47 16.625
21:25:48 16.5
21:25:49 16.625
21:25:50 16.562
21:25:50 16.687
21:25:51 16.562
21:25:52 16.687
21:25:53 16.625
21:25:54 16.75
21:25:55 16.625
21:25:55 16.75
21:25:56 16.625
21:25:57 16.75
21:25:58 16.625
21:25:59 16.75
21:26:00 16.625
21:26:01 16.75
21:26:02 16.625
21:26:05 16.812
21:26:05 16.687
21:26:06 16.812
21:26:07 16.687
21:26:08 16.812
21:26:09 16.687
21:26:10 16.812
21:26:11 16.687
21:26:15 17.25
21:26:17 16.937
21:26:18 17.312
21:26:19 17.0
21:26:20 17.375
21:26:21 17.062
21:26:22 17.437
21:26:23 17.062
21:26:24 17.437
21:26:25 17.125
21:26:26 17.5
21:26:27 17.125
21:26:28 17.5
21:26:29 17.125
21:26:30 17.562
21:26:30 17.125
21:26:31 17.562
21:26:32 17.125
21:26:33 17.562
21:26:34 17.187
21:26:35 17.625
21:26:36 17.187
21:26:37 17.625
21:26:38 17.187
21:26:39 17.687
21:26:40 17.187
21:26:40 17.687
21:26:41 17.25
21:26:42 17.687
21:26:43 17.25
21:26:44 17.75
21:26:45 17.25
21:26:45 17.75
21:26:46 17.25
21:26:47 17.75
21:26:48 17.25
21:26:49 17.812
21:26:50 17.312
21:26:51 17.812
21:26:52 17.312
21:26:53 17.812
21:26:54 17.312
21:26:54 17.875
21:26:58 17.312
21:26:59 17.875
21:26:59 17.375
21:27:00 17.875
21:27:01 17.375
21:27:02 17.937
21:27:03 17.375
21:27:04 17.937
21:27:04 17.375
21:27:05 17.937
21:27:06 17.437
21:27:07 18.0
21:27:09 17.437
21:27:09 18.0
21:27:10 17.437
21:27:11 18.0
21:27:12 17.437
21:27:13 18.0
21:27:20 17.5
21:27:21 18.0
21:27:22 17.562
21:27:23 18.062
21:27:24 17.562
21:27:24 18.062
21:27:25 17.562
21:27:26 18.062
21:27:27 17.562
21:27:28 18.062
21:27:29 17.562
21:27:29 18.062
21:27:30 17.562
21:27:31 18.062
21:27:32 17.625
21:27:33 18.125
21:27:34 17.625
21:27:34 18.125
21:27:35 17.625
21:27:36 18.125
21:27:37 17.625
21:27:38 18.125
21:27:38 17.625
21:27:39 18.125
21:27:40 17.687
21:27:41 18.187
21:27:42 17.687
21:27:43 18.187
21:27:43 17.687
21:27:44 18.187
21:27:45 17.687
21:27:46 18.187
21:27:47 17.687
21:27:48 18.187
21:27:48 17.75
21:27:49 18.187
21:27:50 17.75
21:27:51 18.25
21:27:52 17.75
21:27:53 18.25
21:27:53 17.75
21:27:54 18.25
21:27:55 17.75
21:27:56 18.25
21:27:57 17.75
21:27:58 18.25
21:27:58 17.812
21:27:59 18.25
21:28:00 17.812
21:28:02 18.312
21:28:03 17.812
21:28:03 18.312
21:28:04 17.812
21:28:05 18.312
21:28:06 17.875
21:28:08 18.312
21:28:08 17.875
21:28:09 18.312
21:28:10 17.875
21:28:11 18.312
21:28:12 17.875
21:28:13 18.312
21:28:13 17.875
21:28:14 18.375
21:28:15 17.937
21:28:16 18.375
21:28:17 17.937
21:28:18 18.375
21:28:18 17.937
21:28:19 18.375
21:28:21 17.937
21:28:23 18.375
21:28:24 17.937
21:28:25 18.375
21:28:26 17.937
21:28:27 18.375
21:28:28 18.0
21:28:28 18.375
21:28:29 18.0
21:28:30 18.437
21:28:31 18.0
21:28:32 18.437
21:28:33 18.0
21:28:33 18.437
21:28:34 18.0
21:28:35 18.437
21:28:36 18.0
21:28:38 18.437
21:28:38 18.0
21:28:39 18.437
21:28:40 18.0
21:28:41 18.437
21:28:42 18.0
21:28:43 18.375
21:28:44 18.0
21:28:45 18.375
21:28:46 18.0
21:28:47 18.437
21:28:48 18.0
21:28:48 18.437
21:28:49 18.0
21:28:50 18.437
21:28:51 18.0
21:28:52 18.437
21:28:53 18.0
21:28:53 18.437
21:28:54 18.0
21:28:55 18.437
21:28:56 18.0
21:28:57 18.437
21:28:58 18.0
21:28:58 18.437
21:28:59 18.062
21:29:00 18.437
21:29:01 18.062
21:29:02 18.437
21:29:03 18.062
21:29:03 18.437
21:29:04 18.062
21:29:05 18.437
21:29:06 18.062
21:29:07 18.5
21:29:08 18.062
21:29:08 18.5
21:29:09 18.062
21:29:10 18.5
21:29:11 17.937
21:29:12 18.437
21:29:12 17.812
21:29:13 18.437
21:29:14 17.562
21:29:15 18.437
21:29:16 17.437
21:29:17 18.437
21:29:17 17.312
21:29:18 18.437
21:29:19 17.437
21:29:20 18.437
21:29:21 17.625
21:29:22 18.375
21:29:22 17.312
21:29:23 18.0
21:29:24 17.062
21:29:25 17.562
21:29:26 16.875
21:29:27 17.312
21:29:27 16.75
21:29:28 17.125
21:29:29 16.687
21:29:30 17.0
21:29:32 16.687
21:29:32 16.875
21:29:33 16.5
21:29:34 16.812
21:29:35 16.437
21:29:36 16.687
21:29:37 16.375
21:29:37 16.625
21:29:38 16.375
21:29:39 16.562
21:29:40 16.312
21:29:41 16.5
21:29:42 16.25
21:29:42 16.437
21:29:43 16.187
21:29:44 16.437
21:29:45 16.187
21:29:46 16.375
21:29:47 16.187
21:29:47 16.375
21:29:48 16.187
21:29:49 16.375
21:29:50 16.125
21:29:51 16.312
21:29:52 16.125
21:29:52 16.312
21:29:53 16.125
21:29:54 16.312
21:29:55 16.125
21:29:57 16.312
21:29:58 16.062
21:29:59 16.25
21:30:00 16.125
21:30:01 16.312
21:30:02 16.125
21:30:02 16.312
21:30:03 16.125
21:30:04 16.312
21:30:05 16.125
21:30:06 16.312
21:30:07 16.125
21:30:07 16.25
21:30:08 16.125
21:30:09 16.312
21:30:10 16.125
21:30:11 16.312
21:30:12 16.125
21:30:12 16.312
21:30:13 16.125
21:30:14 16.25
21:30:15 16.125
21:30:16 16.25
21:30:17 16.062
21:30:17 16.25
21:30:18 16.062
21:30:19 16.25
21:30:20 16.062
21:30:21 16.25
21:30:22 16.062
21:30:23 16.25
21:30:24 16.062
21:30:27 16.25
21:30:28 16.062
21:30:29 16.25
21:30:30 16.062
21:30:31 16.25
21:30:31 16.125
21:30:32 16.25
21:30:33 16.062
21:30:34 16.25
21:30:35 16.125
21:30:36 16.25
21:30:36 16.125
21:30:37 16.25
21:30:38 16.125
21:30:39 16.25
21:30:40 16.125
21:30:41 16.25
21:30:41 16.125
21:30:42 16.25
21:30:43 16.125
21:30:44 16.25
21:30:46 16.125
21:30:49 16.25
21:30:51 16.125
21:30:51 16.25
21:30:52 16.125
21:30:53 16.25
21:30:54 16.125
21:30:55 16.312
21:30:56 16.125
21:30:56 16.312
21:30:57 16.125
21:30:58 16.312
21:30:59 16.125
21:31:00 16.312
21:31:01 16.125
21:31:01 16.312
21:31:02 16.125
21:31:03 16.312
21:31:04 16.125
21:31:05 16.312
21:31:06 16.125
21:31:06 16.312
21:31:07 16.125
21:31:08 16.312
21:31:09 16.125
21:31:10 16.312
21:31:11 16.125
21:31:11 16.312
21:31:12 16.187
21:31:14 16.312
21:31:16 16.187
21:31:16 16.312
21:31:17 16.187
21:31:18 16.312
21:31:20 16.187
21:31:21 16.312
21:31:21 16.187
21:31:22 16.312
21:31:23 16.187
21:31:24 16.312
21:31:25 16.187
21:31:26 16.312
21:31:26 16.187
21:31:27 16.375
21:31:28 16.187
21:31:29 16.375
21:31:30 16.187
21:31:31 16.312
21:31:31 16.187
21:31:32 16.375
21:31:35 16.187
21:31:36 16.312
21:31:36 16.187
21:31:37 16.312
21:31:38 16.187
21:31:39 16.312
21:31:40 16.187
21:31:41 16.375
21:31:41 16.187
21:31:42 16.375
21:31:43 16.187
21:31:44 16.375
21:31:45 16.187
21:31:45 16.375
21:31:46 16.187
21:31:47 16.375
21:31:48 16.187
21:31:49 16.375
21:31:50 16.187
21:31:50 16.375
21:31:51 16.187
21:31:52 16.312
21:31:53 16.187
21:31:54 16.375
21:31:55 16.187
21:31:55 16.375
21:31:56 16.187
21:31:57 16.375
21:31:58 16.187
21:31:59 16.375
21:32:00 16.187
21:32:00 16.375
21:32:01 16.187
21:32:02 16.375
21:32:03 16.187
21:32:05 16.312
21:32:05 16.187
21:32:06 16.312
21:32:07 16.187
21:32:08 16.375
21:32:09 16.187
21:32:10 16.312
21:32:10 16.187
21:32:11 16.312
21:32:12 16.187
21:32:13 16.312
21:32:14 16.187
21:32:15 16.312
21:32:15 16.187
21:32:16 16.312
21:32:17 16.187
21:32:18 16.312
21:32:19 16.187
21:32:20 16.312
21:32:20 16.187
21:32:21 16.312
21:32:22 16.125
21:32:23 16.312
21:32:24 16.187
21:32:25 16.312
21:32:25 16.125
21:32:26 16.312
21:32:27 16.125
21:32:28 16.312
21:32:29 16.125
21:32:30 16.312
21:32:30 16.125
21:32:31 16.312
21:32:32 16.125
21:32:33 16.312
21:32:34 16.125
21:32:34 16.25
21:32:35 16.125
21:32:36 16.25
21:32:37 16.125
21:32:38 16.25
21:32:39 16.125
21:32:39 16.25
21:32:40 16.125
21:32:41 16.25
21:32:42 16.125
21:32:43 16.25
21:32:44 16.125
21:32:44 16.25
21:32:45 16.125
21:32:46 16.25
21:32:47 16.125
21:32:48 16.25
21:32:49 16.125
21:32:49 16.25
21:32:50 16.125
21:32:51 16.25
21:32:52 16.125
21:32:55 16.25
21:32:56 16.125
21:32:58 16.312
21:33:04 16.125
21:33:06 16.312
21:33:09 16.125
21:33:10 16.25
21:33:11 16.062
21:33:12 16.25
21:33:13 16.062
21:33:14 16.25
21:33:14 16.062
21:33:15 16.25
21:33:16 16.062
21:33:17 16.25
21:33:19 16.062
21:33:19 16.187
21:33:20 16.062
21:33:21 16.187
21:33:22 16.062
21:33:23 16.187
21:33:24 16.062
21:33:24 16.187
21:33:25 16.062
21:33:26 16.187
21:33:27 16.062
21:33:28 16.187
21:33:29 16.062
21:33:29 16.187
21:33:30 16.062
21:33:31 16.25
21:33:32 16.062
21:33:33 16.25
21:33:34 16.062
21:33:34 16.25
21:33:35 16.062
21:33:36 16.25
21:33:37 16.062
21:33:38 16.25
21:33:39 16.062
21:33:39 16.25
21:33:40 16.062
21:33:41 16.25
21:33:42 16.062
21:33:43 16.25
21:33:44 16.062
21:33:44 16.25
21:33:45 16.062
21:33:46 16.25
21:33:49 16.062
21:33:49 16.25
21:33:50 16.062
21:33:51 16.25
21:33:52 16.062
21:33:54 16.25
21:33:57 16.062
21:33:58 16.187
21:33:59 16.062
21:34:00 16.25
21:34:01 16.125
21:34:02 16.25
21:34:03 16.125
21:34:03 16.25
21:34:04 16.125
21:34:05 16.25
21:34:06 16.125
21:34:07 16.25
21:34:08 16.125
21:34:08 16.25
21:34:09 16.062
21:34:10 16.25
21:34:11 16.125
21:34:12 16.25
21:34:13 16.062
21:34:13 16.25
21:34:14 16.062
21:34:15 16.25
21:34:16 16.125
21:34:17 16.25
21:34:18 16.125
21:34:18 16.25
21:34:19 16.125
21:34:20 16.25
21:34:21 16.125
21:34:22 16.25
21:34:23 16.125
21:34:23 16.312
21:34:24 16.125
21:34:25 16.25
21:34:26 16.125
21:34:27 16.25
21:34:28 16.125
21:34:28 16.25
21:34:29 16.125
21:34:30 16.25
21:34:33 16.062
21:34:33 16.25
21:34:35 16.062
21:34:37 16.187
21:34:38 16.062
21:34:38 16.187
21:34:39 16.125
